d:\cs 135 c++\ex9ch10\circle\circle\debug\vc120.pdb
d:\cs 135 c++\ex9ch10\circle\circle\debug\vc120.idb
d:\cs 135 c++\ex9ch10\circle\circle\debug\circle.obj
d:\cs 135 c++\ex9ch10\circle\circle\debug\circlearraytest.obj
d:\cs 135 c++\ex9ch10\circle\debug\circle.ilk
d:\cs 135 c++\ex9ch10\circle\debug\circle.exe
d:\cs 135 c++\ex9ch10\circle\debug\circle.pdb
f:\cs 135 c++\ex9ch10\circle\circle\debug\circle.obj
f:\cs 135 c++\ex9ch10\circle\circle\debug\circlearraytest.obj
f:\cs 135 c++\ex9ch10\circle\circle\debug\vc120.idb
f:\cs 135 c++\ex9ch10\circle\circle\debug\vc120.pdb
f:\cs 135 c++\ex9ch10\circle\debug\circle.pdb
f:\cs 135 c++\ex9ch10\circle\debug\circle.exe
f:\cs 135 c++\ex9ch10\circle\debug\circle.ilk
f:\cs 135 c++\ex9ch10\circle\circle\debug\circle.tlog\cl.read.1.tlog
f:\cs 135 c++\ex9ch10\circle\circle\debug\circle.tlog\cl.write.1.tlog
f:\cs 135 c++\ex9ch10\circle\circle\debug\circle.tlog\cl.command.1.tlog
f:\cs 135 c++\ex9ch10\circle\circle\debug\circle.tlog\link.read.1.tlog
f:\cs 135 c++\ex9ch10\circle\circle\debug\circle.tlog\link.write.1.tlog
f:\cs 135 c++\ex9ch10\circle\circle\debug\circle.tlog\link.command.1.tlog
