  BasePlusCommissionEmployee.cpp
c:\users\luisg\desktop\classmaterial\cs 137\chapter 11 cpp files\fig11_10_11\basepluscommissionemployee.cpp(35): error C2248: 'CommissionEmployee::commissionRate': cannot access private member declared in class 'CommissionEmployee'
  c:\users\luisg\desktop\classmaterial\cs 137\chapter 11 cpp files\fig11_10_11\commissionemployee.h(35): note: see declaration of 'CommissionEmployee::commissionRate'
  c:\users\luisg\desktop\classmaterial\cs 137\chapter 11 cpp files\fig11_10_11\commissionemployee.h(8): note: see declaration of 'CommissionEmployee'
c:\users\luisg\desktop\classmaterial\cs 137\chapter 11 cpp files\fig11_10_11\basepluscommissionemployee.cpp(35): error C2248: 'CommissionEmployee::grossSales': cannot access private member declared in class 'CommissionEmployee'
  c:\users\luisg\desktop\classmaterial\cs 137\chapter 11 cpp files\fig11_10_11\commissionemployee.h(34): note: see declaration of 'CommissionEmployee::grossSales'
  c:\users\luisg\desktop\classmaterial\cs 137\chapter 11 cpp files\fig11_10_11\commissionemployee.h(8): note: see declaration of 'CommissionEmployee'
c:\users\luisg\desktop\classmaterial\cs 137\chapter 11 cpp files\fig11_10_11\basepluscommissionemployee.cpp(44): error C2248: 'CommissionEmployee::firstName': cannot access private member declared in class 'CommissionEmployee'
  c:\users\luisg\desktop\classmaterial\cs 137\chapter 11 cpp files\fig11_10_11\commissionemployee.h(31): note: see declaration of 'CommissionEmployee::firstName'
  c:\users\luisg\desktop\classmaterial\cs 137\chapter 11 cpp files\fig11_10_11\commissionemployee.h(8): note: see declaration of 'CommissionEmployee'
c:\users\luisg\desktop\classmaterial\cs 137\chapter 11 cpp files\fig11_10_11\basepluscommissionemployee.cpp(45): error C2248: 'CommissionEmployee::lastName': cannot access private member declared in class 'CommissionEmployee'
  c:\users\luisg\desktop\classmaterial\cs 137\chapter 11 cpp files\fig11_10_11\commissionemployee.h(32): note: see declaration of 'CommissionEmployee::lastName'
  c:\users\luisg\desktop\classmaterial\cs 137\chapter 11 cpp files\fig11_10_11\commissionemployee.h(8): note: see declaration of 'CommissionEmployee'
c:\users\luisg\desktop\classmaterial\cs 137\chapter 11 cpp files\fig11_10_11\basepluscommissionemployee.cpp(46): error C2248: 'CommissionEmployee::socialSecurityNumber': cannot access private member declared in class 'CommissionEmployee'
  c:\users\luisg\desktop\classmaterial\cs 137\chapter 11 cpp files\fig11_10_11\commissionemployee.h(33): note: see declaration of 'CommissionEmployee::socialSecurityNumber'
  c:\users\luisg\desktop\classmaterial\cs 137\chapter 11 cpp files\fig11_10_11\commissionemployee.h(8): note: see declaration of 'CommissionEmployee'
c:\users\luisg\desktop\classmaterial\cs 137\chapter 11 cpp files\fig11_10_11\basepluscommissionemployee.cpp(47): error C2248: 'CommissionEmployee::grossSales': cannot access private member declared in class 'CommissionEmployee'
  c:\users\luisg\desktop\classmaterial\cs 137\chapter 11 cpp files\fig11_10_11\commissionemployee.h(34): note: see declaration of 'CommissionEmployee::grossSales'
  c:\users\luisg\desktop\classmaterial\cs 137\chapter 11 cpp files\fig11_10_11\commissionemployee.h(8): note: see declaration of 'CommissionEmployee'
c:\users\luisg\desktop\classmaterial\cs 137\chapter 11 cpp files\fig11_10_11\basepluscommissionemployee.cpp(48): error C2248: 'CommissionEmployee::commissionRate': cannot access private member declared in class 'CommissionEmployee'
  c:\users\luisg\desktop\classmaterial\cs 137\chapter 11 cpp files\fig11_10_11\commissionemployee.h(35): note: see declaration of 'CommissionEmployee::commissionRate'
  c:\users\luisg\desktop\classmaterial\cs 137\chapter 11 cpp files\fig11_10_11\commissionemployee.h(8): note: see declaration of 'CommissionEmployee'
