d:\cs 135 c++\ex5ch10\rectangleex\rectangleex\debug\vc120.pdb
d:\cs 135 c++\ex5ch10\rectangleex\rectangleex\debug\vc120.idb
d:\cs 135 c++\ex5ch10\rectangleex\rectangleex\debug\rectangle tester.obj
d:\cs 135 c++\ex5ch10\rectangleex\rectangleex\debug\rectangle.obj
d:\cs 135 c++\ex5ch10\rectangleex\debug\rectangle example.ilk
d:\cs 135 c++\ex5ch10\rectangleex\debug\rectangle example.exe
d:\cs 135 c++\ex5ch10\rectangleex\debug\rectangle example.pdb
f:\cs 135 c++\ex5ch10\rectangleex\rectangleex\debug\rectangle tester.obj
f:\cs 135 c++\ex5ch10\rectangleex\rectangleex\debug\rectangle.obj
f:\cs 135 c++\ex5ch10\rectangleex\rectangleex\debug\vc120.idb
f:\cs 135 c++\ex5ch10\rectangleex\rectangleex\debug\vc120.pdb
f:\cs 135 c++\ex5ch10\rectangleex\debug\rectangle example.pdb
f:\cs 135 c++\ex5ch10\rectangleex\debug\rectangle example.exe
f:\cs 135 c++\ex5ch10\rectangleex\debug\rectangle example.ilk
f:\cs 135 c++\ex5ch10\rectangleex\rectangleex\debug\rectangl.e91e1fa4.tlog\cl.read.1.tlog
f:\cs 135 c++\ex5ch10\rectangleex\rectangleex\debug\rectangl.e91e1fa4.tlog\cl.write.1.tlog
f:\cs 135 c++\ex5ch10\rectangleex\rectangleex\debug\rectangl.e91e1fa4.tlog\cl.command.1.tlog
f:\cs 135 c++\ex5ch10\rectangleex\rectangleex\debug\rectangl.e91e1fa4.tlog\link.read.1.tlog
f:\cs 135 c++\ex5ch10\rectangleex\rectangleex\debug\rectangl.e91e1fa4.tlog\link.write.1.tlog
f:\cs 135 c++\ex5ch10\rectangleex\rectangleex\debug\rectangl.e91e1fa4.tlog\link.command.1.tlog
